Start testing: Jan 17 03:24 CST
----------------------------------------------------------
1/1 Testing: Test_of_Turtlelib
1/1 Test: Test_of_Turtlelib
Command: "/home/jason/slam_ws/src/turtlelib/build/turtlelib_test"
Directory: /home/jason/slam_ws/src/turtlelib/build
"Test_of_Turtlelib" start time: Jan 17 03:24 CST
Output:
----------------------------------------------------------
===============================================================================
All tests passed (51 assertions in 14 test cases)

<end of output>
Test time =   0.01 sec
----------------------------------------------------------
Test Passed.
"Test_of_Turtlelib" end time: Jan 17 03:24 CST
"Test_of_Turtlelib" time elapsed: 00:00:00
----------------------------------------------------------

End testing: Jan 17 03:24 CST
